c:\users\user\sercodev\round 1\programming level1\lec 4\tasks\bear and big brother\task3\x64\debug\vc143.pdb
c:\users\user\sercodev\round 1\programming level1\lec 4\tasks\bear and big brother\task3\x64\debug\vc143.idb
c:\users\user\sercodev\round 1\programming level1\lec 4\tasks\bear and big brother\task3\x64\debug\task3.obj
c:\users\user\sercodev\round 1\programming level1\lec 4\tasks\bear and big brother\x64\debug\task3.exe
c:\users\user\sercodev\round 1\programming level1\lec 4\tasks\bear and big brother\x64\debug\task3.pdb
c:\users\user\sercodev\round 1\programming level1\lec 4\tasks\bear and big brother\task3\x64\debug\task3.ilk
c:\users\user\desktop\sercodev\round 1\programming level1\lec 4\tasks\bear and big brother\task3\x64\debug\task3.obj
c:\users\user\desktop\sercodev\round 1\programming level1\lec 4\tasks\bear and big brother\task3\x64\debug\task3.ilk
c:\users\user\desktop\sercodev\round 1\programming level1\lec 4\tasks\bear and big brother\task3\x64\debug\vc143.idb
c:\users\user\desktop\sercodev\round 1\programming level1\lec 4\tasks\bear and big brother\task3\x64\debug\vc143.pdb
c:\users\user\desktop\sercodev\round 1\programming level1\lec 4\tasks\bear and big brother\x64\debug\task3.pdb
c:\users\user\desktop\sercodev\round 1\programming level1\lec 4\tasks\bear and big brother\x64\debug\task3.exe
c:\users\user\desktop\sercodev\round 1\programming level1\lec 4\tasks\bear and big brother\task3\x64\debug\task3.tlog\cl.command.1.tlog
c:\users\user\desktop\sercodev\round 1\programming level1\lec 4\tasks\bear and big brother\task3\x64\debug\task3.tlog\cl.items.tlog
c:\users\user\desktop\sercodev\round 1\programming level1\lec 4\tasks\bear and big brother\task3\x64\debug\task3.tlog\cl.read.1.tlog
c:\users\user\desktop\sercodev\round 1\programming level1\lec 4\tasks\bear and big brother\task3\x64\debug\task3.tlog\cl.write.1.tlog
c:\users\user\desktop\sercodev\round 1\programming level1\lec 4\tasks\bear and big brother\task3\x64\debug\task3.tlog\link.command.1.tlog
c:\users\user\desktop\sercodev\round 1\programming level1\lec 4\tasks\bear and big brother\task3\x64\debug\task3.tlog\link.read.1.tlog
c:\users\user\desktop\sercodev\round 1\programming level1\lec 4\tasks\bear and big brother\task3\x64\debug\task3.tlog\link.secondary.1.tlog
c:\users\user\desktop\sercodev\round 1\programming level1\lec 4\tasks\bear and big brother\task3\x64\debug\task3.tlog\link.write.1.tlog
